[debug] [2023-08-08T15:38:36.688Z] ----------------------------------------------------------------------
[debug] [2023-08-08T15:38:36.692Z] Command:       C:\Program Files\nodejs\node.exe C:\Users\sc\AppData\Roaming\npm\node_modules\firebase-tools\lib\bin\firebase.js deploy
[debug] [2023-08-08T15:38:36.692Z] CLI Version:   11.25.3
[debug] [2023-08-08T15:38:36.692Z] Platform:      win32
[debug] [2023-08-08T15:38:36.692Z] Node Version:  v18.16.0
[debug] [2023-08-08T15:38:36.708Z] Time:          Tue Aug 08 2023 21:38:36 GMT+0600 (Bangladesh Standard Time)
[debug] [2023-08-08T15:38:36.708Z] ----------------------------------------------------------------------
[debug] 
[debug] [2023-08-08T15:38:36.808Z] > command requires scopes: ["email","openid","https://www.googleapis.com/auth/cloudplatformprojects.readonly","https://www.googleapis.com/auth/firebase","https://www.googleapis.com/auth/cloud-platform"]
[debug] [2023-08-08T15:38:36.808Z] > authorizing via signed-in user (subrota45278@gmail.com)
[debug] [2023-08-08T15:38:36.809Z] [iam] checking project junction-shop for permissions ["firebase.projects.get","firebasehosting.sites.update"]
[debug] [2023-08-08T15:38:36.811Z] > refreshing access token with scopes: []
[debug] [2023-08-08T15:38:36.815Z] >>> [apiv2][query] POST https://www.googleapis.com/oauth2/v3/token [none]
[debug] [2023-08-08T15:38:36.815Z] >>> [apiv2][body] POST https://www.googleapis.com/oauth2/v3/token [omitted]
[debug] [2023-08-08T15:38:37.573Z] <<< [apiv2][status] POST https://www.googleapis.com/oauth2/v3/token 200
[debug] [2023-08-08T15:38:37.574Z] <<< [apiv2][body] POST https://www.googleapis.com/oauth2/v3/token [omitted]
[debug] [2023-08-08T15:38:37.592Z] >>> [apiv2][query] POST https://cloudresourcemanager.googleapis.com/v1/projects/junction-shop:testIamPermissions [none]
[debug] [2023-08-08T15:38:37.593Z] >>> [apiv2][(partial)header] POST https://cloudresourcemanager.googleapis.com/v1/projects/junction-shop:testIamPermissions x-goog-quota-user=projects/junction-shop
[debug] [2023-08-08T15:38:37.593Z] >>> [apiv2][body] POST https://cloudresourcemanager.googleapis.com/v1/projects/junction-shop:testIamPermissions {"permissions":["firebase.projects.get","firebasehosting.sites.update"]}
[debug] [2023-08-08T15:38:42.805Z] <<< [apiv2][status] POST https://cloudresourcemanager.googleapis.com/v1/projects/junction-shop:testIamPermissions 200
[debug] [2023-08-08T15:38:42.805Z] <<< [apiv2][body] POST https://cloudresourcemanager.googleapis.com/v1/projects/junction-shop:testIamPermissions {"permissions":["firebase.projects.get","firebasehosting.sites.update"]}
[debug] [2023-08-08T15:38:42.808Z] >>> [apiv2][query] GET https://firebase.googleapis.com/v1beta1/projects/junction-shop [none]
[debug] [2023-08-08T15:39:07.062Z] Failed to make request to https://firebase.googleapis.com/v1beta1/projects/junction-shop
[debug] [2023-08-08T15:39:07.989Z] FirebaseError: Failed to make request to https://firebase.googleapis.com/v1beta1/projects/junction-shop
    at RetryOperation._fn (C:\Users\sc\AppData\Roaming\npm\node_modules\firebase-tools\lib\apiv2.js:242:31)
    at process.processTicksAndRejections (node:internal/process/task_queues:95:5)
[error] 
[error] Error: Failed to get Firebase project junction-shop. Please make sure the project exists and your account has permission to access it.
[debug] [2023-08-08T15:42:16.984Z] ----------------------------------------------------------------------
[debug] [2023-08-08T15:42:16.986Z] Command:       C:\Program Files\nodejs\node.exe C:\Users\sc\AppData\Roaming\npm\node_modules\firebase-tools\lib\bin\firebase.js deploy
[debug] [2023-08-08T15:42:16.986Z] CLI Version:   11.25.3
[debug] [2023-08-08T15:42:16.987Z] Platform:      win32
[debug] [2023-08-08T15:42:16.987Z] Node Version:  v18.16.0
[debug] [2023-08-08T15:42:16.988Z] Time:          Tue Aug 08 2023 21:42:16 GMT+0600 (Bangladesh Standard Time)
[debug] [2023-08-08T15:42:16.988Z] ----------------------------------------------------------------------
[debug] 
[debug] [2023-08-08T15:42:17.074Z] > command requires scopes: ["email","openid","https://www.googleapis.com/auth/cloudplatformprojects.readonly","https://www.googleapis.com/auth/firebase","https://www.googleapis.com/auth/cloud-platform"]
[debug] [2023-08-08T15:42:17.075Z] > authorizing via signed-in user (subrota45278@gmail.com)
[debug] [2023-08-08T15:42:17.075Z] [iam] checking project junction-shop for permissions ["firebase.projects.get","firebasehosting.sites.update"]
[debug] [2023-08-08T15:42:17.077Z] >>> [apiv2][query] POST https://cloudresourcemanager.googleapis.com/v1/projects/junction-shop:testIamPermissions [none]
[debug] [2023-08-08T15:42:17.078Z] >>> [apiv2][(partial)header] POST https://cloudresourcemanager.googleapis.com/v1/projects/junction-shop:testIamPermissions x-goog-quota-user=projects/junction-shop
[debug] [2023-08-08T15:42:17.078Z] >>> [apiv2][body] POST https://cloudresourcemanager.googleapis.com/v1/projects/junction-shop:testIamPermissions {"permissions":["firebase.projects.get","firebasehosting.sites.update"]}
[debug] [2023-08-08T15:42:18.898Z] <<< [apiv2][status] POST https://cloudresourcemanager.googleapis.com/v1/projects/junction-shop:testIamPermissions 200
[debug] [2023-08-08T15:42:18.899Z] <<< [apiv2][body] POST https://cloudresourcemanager.googleapis.com/v1/projects/junction-shop:testIamPermissions {"permissions":["firebase.projects.get","firebasehosting.sites.update"]}
[debug] [2023-08-08T15:42:18.901Z] >>> [apiv2][query] GET https://firebase.googleapis.com/v1beta1/projects/junction-shop [none]
[debug] [2023-08-08T15:42:48.921Z] Timeout reached making request to https://firebase.googleapis.com/v1beta1/projects/junction-shop
[debug] [2023-08-08T15:42:52.530Z] FirebaseError: Timeout reached making request to https://firebase.googleapis.com/v1beta1/projects/junction-shop
    at RetryOperation._fn (C:\Users\sc\AppData\Roaming\npm\node_modules\firebase-tools\lib\apiv2.js:238:35)
    at process.processTicksAndRejections (node:internal/process/task_queues:95:5)
[error] 
[error] Error: Failed to get Firebase project junction-shop. Please make sure the project exists and your account has permission to access it.
